[www.aiprofessor.chat/index.html]
[backblue.gif]
[fade.gif]
[index.html]
[unpkg.com/@splinetool/viewer@1.9.56/build/spline-viewer.js]
[unpkg.com/aos@2.3.1/dist/aos.css]
[unpkg.com/aos@2.3.1/dist/aos.js]
[cdnjs.cloudflare.com/ajax/libs/font-awesome/6.0.0/css/all.min.css]
[www.aiprofessor.chat/professor v2/index.html]
[www.aiprofessor.chat/index.html]
[unpkg.com/aos@2.3.1/dist/aos.css]
[cdnjs.cloudflare.com/ajax/libs/font-awesome/6.0.0/css/all.min.css]
[www.aiprofessor.chat/dashboard/index.html]
[www.aiprofessor.chat/professor v2/styles.css]
[www.aiprofessor.chat/professor v2/ai-technology-robot-cyborg-illustrations_24640-134419.avif]
[www.aiprofessor.chat/professor v2/index.html]
[www.aiprofessor.chat/professor v2/script.js]
[www.aiprofessor.chat/dashboard/styles.css]
[www.aiprofessor.chat/dashboard/script.js]
[www.aiprofessor.chat/dashboard/index.html]
[www.aiprofessor.chat/professor v2/styles.css]
[www.aiprofessor.chat/dashboard/styles.css]
